Phone_MobileSafe/app/build/outputs/logs/manifest-merger-debug-report.txt
-- Merging decision tree log ---
manifest
ADDED from src\main\AndroidManifest.xml:2:1-112:12
	package
		ADDED from src\main\AndroidManifest.xml:3:5-42
		INJECTED from src\main\AndroidManifest.xml
		INJECTED from src\main\AndroidManifest.xml
	android:versionName
		ADDED from src\main\AndroidManifest.xml:5:5-30
		INJECTED from src\main\AndroidManifest.xml
		INJECTED from src\main\AndroidManifest.xml
	android:versionCode
		ADDED from src\main\AndroidManifest.xml:4:5-28
		INJECTED from src\main\AndroidManifest.xml
		INJECTED from src\main\AndroidManifest.xml
	xmlns:android
		ADDED from src\main\AndroidManifest.xml:2:11-69
uses-sdk
ADDED from src\main\AndroidManifest.xml:7:5-9:41
	android:targetSdkVersion
		ADDED from src\main\AndroidManifest.xml:9:9-38
		INJECTED from src\main\AndroidManifest.xml
		INJECTED from src\main\AndroidManifest.xml
	android:minSdkVersion
		ADDED from src\main\AndroidManifest.xml:8:9-34
		INJECTED from src\main\AndroidManifest.xml
		INJECTED from src\main\AndroidManifest.xml
uses-permission#android.permission.INTERNET
ADDED from src\main\AndroidManifest.xml:11:5-67
	android:name
		ADDED from src\main\AndroidManifest.xml:11:22-64
uses-permission#android.permission.WRITE_EXTERNAL_STORAGE
ADDED from src\main\AndroidManifest.xml:12:5-81
	android:name
		ADDED from src\main\AndroidManifest.xml:12:22-78
uses-permission#android.permission.READ_PHONE_STATE
ADDED from src\main\AndroidManifest.xml:13:5-75
	android:name
		ADDED from src\main\AndroidManifest.xml:13:22-72
uses-permission#android.permission.RECEIVE_BOOT_COMPLETED
ADDED from src\main\AndroidManifest.xml:14:5-81
	android:name
		ADDED from src\main\AndroidManifest.xml:14:22-78
uses-permission#android.permission.READ_CONTACTS
ADDED from src\main\AndroidManifest.xml:15:5-72
	android:name
		ADDED from src\main\AndroidManifest.xml:15:22-69
uses-permission#android.permission.SEND_SMS
ADDED from src\main\AndroidManifest.xml:16:5-67
	android:name
		ADDED from src\main\AndroidManifest.xml:16:22-64
uses-permission#android.permission.RECEIVE_SMS
ADDED from src\main\AndroidManifest.xml:17:5-70
	android:name
		ADDED from src\main\AndroidManifest.xml:17:22-67
uses-permission#android.permission.READ_SMS
ADDED from src\main\AndroidManifest.xml:18:5-67
	android:name
		ADDED from src\main\AndroidManifest.xml:18:22-64
uses-permission#android.permission.WRITE_SMS
ADDED from src\main\AndroidManifest.xml:21:5-68
	android:name
		ADDED from src\main\AndroidManifest.xml:21:22-65
uses-permission#android.permission.RECEIVE_WAP_PUSH
ADDED from src\main\AndroidManifest.xml:30:5-75
	android:name
		ADDED from src\main\AndroidManifest.xml:30:22-72
uses-permission#android.permission.RECEIVE_MMS
ADDED from src\main\AndroidManifest.xml:33:5-70
	android:name
		ADDED from src\main\AndroidManifest.xml:33:22-67
uses-permission#android.permission.ACCESS_FINE_LOCATION
ADDED from src\main\AndroidManifest.xml:35:5-79
	android:name
		ADDED from src\main\AndroidManifest.xml:35:22-76
uses-permission#android.permission.ACCESS_COARSE_LOCATION
ADDED from src\main\AndroidManifest.xml:36:5-81
	android:name
		ADDED from src\main\AndroidManifest.xml:36:22-78
uses-permission#android.permission.ACCESS_MOCK_LOCATION
ADDED from src\main\AndroidManifest.xml:37:5-79
	android:name
		ADDED from src\main\AndroidManifest.xml:37:22-76
uses-permission#android.permission.VIBRATE
ADDED from src\main\AndroidManifest.xml:38:5-66
	android:name
		ADDED from src\main\AndroidManifest.xml:38:22-63
uses-permission#android.permission.READ_EXTERNAL_STORAGE
ADDED from src\main\AndroidManifest.xml:40:5-80
	android:name
		ADDED from src\main\AndroidManifest.xml:40:22-77
application
ADDED from src\main\AndroidManifest.xml:42:5-110:19
	android:label
		ADDED from src\main\AndroidManifest.xml:45:9-41
	android:allowBackup
		ADDED from src\main\AndroidManifest.xml:43:9-35
	android:icon
		ADDED from src\main\AndroidManifest.xml:44:9-45
	android:theme
		ADDED from src\main\AndroidManifest.xml:46:9-40
activity#com.dragon.phone_mobilesafe.activity.SplashActivity
ADDED from src\main\AndroidManifest.xml:47:9-53:20
	android:name
		ADDED from src\main\AndroidManifest.xml:47:19-58
intent-filter#android.intent.action.MAIN+android.intent.category.LAUNCHER
ADDED from src\main\AndroidManifest.xml:48:13-52:29
action#android.intent.action.MAIN
ADDED from src\main\AndroidManifest.xml:49:17-69
	android:name
		ADDED from src\main\AndroidManifest.xml:49:25-66
category#android.intent.category.LAUNCHER
ADDED from src\main\AndroidManifest.xml:51:17-77
	android:name
		ADDED from src\main\AndroidManifest.xml:51:27-74
activity#com.dragon.phone_mobilesafe.activity.HomeActivity
ADDED from src\main\AndroidManifest.xml:54:9-59
	android:name
		ADDED from src\main\AndroidManifest.xml:54:19-56
activity#com.dragon.phone_mobilesafe.activity.SettingActivity
ADDED from src\main\AndroidManifest.xml:55:9-62
	android:name
		ADDED from src\main\AndroidManifest.xml:55:19-59
activity#com.dragon.phone_mobilesafe.activity.LostFindActivity
ADDED from src\main\AndroidManifest.xml:56:9-63
	android:name
		ADDED from src\main\AndroidManifest.xml:56:19-60
activity#com.dragon.phone_mobilesafe.activity.Setting01
ADDED from src\main\AndroidManifest.xml:57:9-56
	android:name
		ADDED from src\main\AndroidManifest.xml:57:19-53
activity#com.dragon.phone_mobilesafe.activity.Setting02
ADDED from src\main\AndroidManifest.xml:58:9-56
	android:name
		ADDED from src\main\AndroidManifest.xml:58:19-53
activity#com.dragon.phone_mobilesafe.activity.Setting03
ADDED from src\main\AndroidManifest.xml:59:9-56
	android:name
		ADDED from src\main\AndroidManifest.xml:59:19-53
activity#com.dragon.phone_mobilesafe.activity.Setting04
ADDED from src\main\AndroidManifest.xml:60:9-56
	android:name
		ADDED from src\main\AndroidManifest.xml:60:19-53
activity#com.dragon.phone_mobilesafe.activity.ContactActivity
ADDED from src\main\AndroidManifest.xml:61:9-62
	android:name
		ADDED from src\main\AndroidManifest.xml:61:19-59
activity#com.dragon.phone_mobilesafe.utils.DeviceAdminUtils
ADDED from src\main\AndroidManifest.xml:62:9-60
	android:name
		ADDED from src\main\AndroidManifest.xml:62:19-57
activity#com.dragon.phone_mobilesafe.activity.AToolActivity
ADDED from src\main\AndroidManifest.xml:63:9-60
	android:name
		ADDED from src\main\AndroidManifest.xml:63:19-57
activity#com.dragon.phone_mobilesafe.activity.AddressQueryActivity
ADDED from src\main\AndroidManifest.xml:64:9-67
	android:name
		ADDED from src\main\AndroidManifest.xml:64:19-64
receiver#com.dragon.phone_mobilesafe.receiver.BootCompleteReceiver
ADDED from src\main\AndroidManifest.xml:66:9-70:20
	android:name
		ADDED from src\main\AndroidManifest.xml:66:19-64
intent-filter#android.intent.action.BOOT_COMPLETED
ADDED from src\main\AndroidManifest.xml:67:13-69:29
action#android.intent.action.BOOT_COMPLETED
ADDED from src\main\AndroidManifest.xml:68:17-79
	android:name
		ADDED from src\main\AndroidManifest.xml:68:25-76
receiver#com.dragon.phone_mobilesafe.receiver.SMSReceiver
ADDED from src\main\AndroidManifest.xml:71:9-79:20
	android:exported
		ADDED from src\main\AndroidManifest.xml:73:13-36
	android:name
		ADDED from src\main\AndroidManifest.xml:72:13-49
intent-filter#android.provider.Telephony.SMS_RECEIVED
ADDED from src\main\AndroidManifest.xml:74:13-78:29
	android:priority
		ADDED from src\main\AndroidManifest.xml:74:28-57
action#android.provider.Telephony.SMS_RECEIVED
ADDED from src\main\AndroidManifest.xml:77:17-82
	android:name
		ADDED from src\main\AndroidManifest.xml:77:25-79
service#com.dragon.phone_mobilesafe.service.LocationService
ADDED from src\main\AndroidManifest.xml:81:9-60
	android:name
		ADDED from src\main\AndroidManifest.xml:81:18-57
service#com.dragon.phone_mobilesafe.service.AddressService
ADDED from src\main\AndroidManifest.xml:82:9-59
	android:name
		ADDED from src\main\AndroidManifest.xml:82:18-56
receiver#com.dragon.phone_mobilesafe.service.DeviceAdmin
ADDED from src\main\AndroidManifest.xml:84:9-99:20
	android:label
		ADDED from src\main\AndroidManifest.xml:87:13-56
	android:permission
		ADDED from src\main\AndroidManifest.xml:88:13-70
	android:description
		ADDED from src\main\AndroidManifest.xml:86:13-74
	android:name
		ADDED from src\main\AndroidManifest.xml:85:13-48
meta-data#android.app.device_admin
ADDED from src\main\AndroidManifest.xml:90:13-92:63
	android:resource
		ADDED from src\main\AndroidManifest.xml:92:17-60
	android:name
		ADDED from src\main\AndroidManifest.xml:91:17-56
intent-filter#android.app.action.DEVICE_ADMIN_ENABLED
ADDED from src\main\AndroidManifest.xml:94:13-98:29
action#android.app.action.DEVICE_ADMIN_ENABLED
ADDED from src\main\AndroidManifest.xml:96:17-82
	android:name
		ADDED from src\main\AndroidManifest.xml:96:25-79
activity#com.dragon.phone_mobilesafe.activity.CallSafeActivity
ADDED from src\main\AndroidManifest.xml:101:9-63
	android:name
		ADDED from src\main\AndroidManifest.xml:101:19-60
activity#com.dragon.phone_mobilesafe.activity.CallSafeActivity2
ADDED from src\main\AndroidManifest.xml:102:9-64
	android:name
		ADDED from src\main\AndroidManifest.xml:102:19-61
service#com.dragon.phone_mobilesafe.service.CallSafeService
ADDED from src\main\AndroidManifest.xml:104:9-107:39
	android:enabled
		ADDED from src\main\AndroidManifest.xml:106:13-35
	android:exported
		ADDED from src\main\AndroidManifest.xml:107:13-36
	android:name
		ADDED from src\main\AndroidManifest.xml:105:13-52
activity#com.dragon.phone_mobilesafe.activity.AppManagerActivity
ADDED from src\main\AndroidManifest.xml:109:9-74
	android:name
		ADDED from src\main\AndroidManifest.xml:109:19-62